make nodes-down; make nodes-up && make nodes-logs
make[1]: Entering directory '/home/frank/Documents/GitProjects/fiuba-dist1-tp4'
docker-compose -f docker-compose-dev.yaml stop -t 10
docker-compose -f docker-compose-dev.yaml down
make[1]: Leaving directory '/home/frank/Documents/GitProjects/fiuba-dist1-tp4'
make[1]: Entering directory '/home/frank/Documents/GitProjects/fiuba-dist1-tp4'
docker build -f ./client-manager/Dockerfile -t "client-manager:latest" .
Sending build context to Docker daemon  410.4MB
Step 1/4 : FROM rabbitmq-python-base:0.0.1
 ---> c816ce5cd6d1
Step 2/4 : COPY common /common
 ---> Using cache
 ---> 6a8e8229d4da
Step 3/4 : COPY client-manager /
 ---> Using cache
 ---> 09cb866ace1c
Step 4/4 : CMD ["python3", "./main.py"]
 ---> Using cache
 ---> 26cbdf9d217d
Successfully built 26cbdf9d217d
Successfully tagged client-manager:latest
docker build -f ./filter-q1/Dockerfile -t "filter-q1:latest" .
Sending build context to Docker daemon  410.4MB
Step 1/4 : FROM rabbitmq-python-base:0.0.1
 ---> c816ce5cd6d1
Step 2/4 : COPY common /common
 ---> Using cache
 ---> 6a8e8229d4da
Step 3/4 : COPY filter-q1 /
 ---> Using cache
 ---> 5c892b23817b
Step 4/4 : CMD ["python", "./main.py"]
 ---> Using cache
 ---> 31e94268255f
Successfully built 31e94268255f
Successfully tagged filter-q1:latest
docker build -f ./exchanger/Dockerfile -t "exchanger:latest" .
